<?xml version="1.0" encoding="UTF-8"?>
<testsuite xmlns:xsi="http://www.w3.org/2001/XMLSchema-instance" xsi:noNamespaceSchemaLocation="https://maven.apache.org/surefire/maven-surefire-plugin/xsd/surefire-test-report-3.0.xsd" version="3.0" name="com.binance.payment.integration.PaymentFlowTest" time="1.115" tests="2" errors="0" skipped="0" failures="0">
  <properties>
[...]
</properties>
  <testcase name="full_payment_flow_api_202_to_db_verified" classname="com.binance.payment.integration.PaymentFlowTest" time="0.559"/>
  <testcase name="retry_payment_does_not_double_charge" classname="com.binance.payment.integration.PaymentFlowTest" time="0.017"/>
</testsuite>